<?xml version="1.0" encoding="UTF-8"?>
<testng-results ignored="0" total="1" passed="1" failed="0" skipped="0">
  <reporter-output>
  </reporter-output>
  <suite started-at="2023-03-20T20:42:08 IST" name="Default suite" finished-at="2023-03-20T20:42:36 IST" duration-ms="27887">
    <groups>
    </groups>
    <test started-at="2023-03-20T20:42:08 IST" name="Default test" finished-at="2023-03-20T20:42:36 IST" duration-ms="27887">
      <class name="TS_006.Recruitment">
        <test-method is-config="true" signature="setup()[pri:0, instance:TS_006.Recruitment@5a45133e]" started-at="2023-03-20T20:42:08 IST" name="setup" finished-at="2023-03-20T20:42:13 IST" duration-ms="4852" status="PASS">
          <reporter-output>
          </reporter-output>
        </test-method> <!-- setup -->
        <test-method signature="R()[pri:0, instance:TS_006.Recruitment@5a45133e]" started-at="2023-03-20T20:42:13 IST" name="R" finished-at="2023-03-20T20:42:35 IST" duration-ms="21710" status="PASS">
          <reporter-output>
          </reporter-output>
        </test-method> <!-- R -->
        <test-method is-config="true" signature="teardown()[pri:0, instance:TS_006.Recruitment@5a45133e]" started-at="2023-03-20T20:42:35 IST" name="teardown" finished-at="2023-03-20T20:42:36 IST" duration-ms="1217" status="PASS">
          <reporter-output>
          </reporter-output>
        </test-method> <!-- teardown -->
      </class> <!-- TS_006.Recruitment -->
    </test> <!-- Default test -->
  </suite> <!-- Default suite -->
</testng-results>
